'/home/user/works/GeoChemFoam-4.7/ThirdParty/PhreeqcRM/lib/libPhreeqcRM.so' is up to date.
'/home/user/works/GeoChemFoam-4.7/lib/libreactionThermophysicalModelsGCFOAM.so' is up to date.
'/home/user/works/GeoChemFoam-4.7/lib/libfvMotionSolverGCFOAM.so' is up to date.
'/home/user/works/GeoChemFoam-4.7/lib/libfiniteVolumeGCFOAM.so' is up to date.
'/home/user/works/GeoChemFoam-4.7/lib/libmeshToolsGCFOAM.so' is up to date.
'/home/user/works/GeoChemFoam-4.7/lib/libinterfacePropertiesGCFOAM.so' is up to date.
make: '/home/user/works/GeoChemFoam-4.7/bin/multiSpeciesTransportFoam' is up to date.
make: '/home/user/works/GeoChemFoam-4.7/bin/reactiveTransportFoam' is up to date.
make: '/home/user/works/GeoChemFoam-4.7/bin/reactiveTransportALEFoam' is up to date.
make: '/home/user/works/GeoChemFoam-4.7/bin/reactiveTransportDBSFoam' is up to date.
make: '/home/user/works/GeoChemFoam-4.7/bin/interGCFoam' is up to date.
make: '/home/user/works/GeoChemFoam-4.7/bin/interOSFoam' is up to date.
make: '/home/user/works/GeoChemFoam-4.7/bin/interTransportFoam' is up to date.
make: '/home/user/works/GeoChemFoam-4.7/bin/interTransferFoam' is up to date.
make: '/home/user/works/GeoChemFoam-4.7/bin/interReactiveTransportFoam' is up to date.
make: '/home/user/works/GeoChemFoam-4.7/bin/interReactiveTransferFoam' is up to date.
make: '/home/user/works/GeoChemFoam-4.7/bin/simpleDBSFoam' is up to date.
make: '/home/user/works/GeoChemFoam-4.7/bin/heatTransportSimpleFoam' is up to date.
make: '/home/user/works/GeoChemFoam-4.7/bin/processPoroPerm' is up to date.
make: '/home/user/works/GeoChemFoam-4.7/bin/processConcentration' is up to date.
make: '/home/user/works/GeoChemFoam-4.7/bin/processSaturation' is up to date.
make: '/home/user/works/GeoChemFoam-4.7/bin/processMaxVelocity' is up to date.
make: '/home/user/works/GeoChemFoam-4.7/bin/processPhaseConcentration' is up to date.
make: '/home/user/works/GeoChemFoam-4.7/bin/processInterfaceTransfer' is up to date.
make: '/home/user/works/GeoChemFoam-4.7/bin/processMeshCellCenters' is up to date.
make: '/home/user/works/GeoChemFoam-4.7/bin/processPoroSurf' is up to date.
make: '/home/user/works/GeoChemFoam-4.7/bin/processSolidArea' is up to date.
make: '/home/user/works/GeoChemFoam-4.7/bin/processRelPerm' is up to date.
make: '/home/user/works/GeoChemFoam-4.7/bin/processHeatTransfer' is up to date.
make: '/home/user/works/GeoChemFoam-4.7/bin/smoothSolidSurface' is up to date.
